<?xml version="1.0" encoding="UTF-8"?>
<testsuite xmlns:xsi="http://www.w3.org/2001/XMLSchema-instance" xsi:noNamespaceSchemaLocation="https://maven.apache.org/surefire/maven-surefire-plugin/xsd/surefire-test-report.xsd" name="com.api.rest.service.UserServiceTest" time="0.498" tests="1" errors="0" skipped="0" failures="0">
  <properties>
    <property name="sun.desktop" value="windows"/>
    <property name="awt.toolkit" value="sun.awt.windows.WToolkit"/>
    <property name="java.specification.version" value="11"/>
    <property name="sun.cpu.isalist" value="amd64"/>
    <property name="sun.jnu.encoding" value="Cp1252"/>
    <property name="java.class.path" value="C:\Users\alejandro.cuesta\IdeaProjects\springBootApiKotlinExample\target\test-classes;C:\Users\alejandro.cuesta\IdeaProjects\springBootApiKotlinExample\target\classes;C:\Users\alejandro.cuesta\.m2\repository\org\jetbrains\kotlin\kotlin-stdlib\1.3.21\kotlin-stdlib-1.3.21.jar;C:\Users\alejandro.cuesta\.m2\repository\org\jetbrains\kotlin\kotlin-stdlib-common\1.3.21\kotlin-stdlib-common-1.3.21.jar;C:\Users\alejandro.cuesta\.m2\repository\org\jetbrains\annotations\13.0\annotations-13.0.jar;C:\Users\alejandro.cuesta\.m2\repository\org\springframework\boot\spring-boot-starter-web-services\2.1.3.RELEASE\spring-boot-starter-web-services-2.1.3.RELEASE.jar;C:\Users\alejandro.cuesta\.m2\repository\org\springframework\boot\spring-boot-starter-web\2.1.3.RELEASE\spring-boot-starter-web-2.1.3.RELEASE.jar;C:\Users\alejandro.cuesta\.m2\repository\org\springframework\boot\spring-boot-starter-json\2.1.3.RELEASE\spring-boot-starter-json-2.1.3.RELEASE.jar;C:\Users\alejandro.cuesta\.m2\repository\com\fasterxml\jackson\datatype\jackson-datatype-jdk8\2.9.8\jackson-datatype-jdk8-2.9.8.jar;C:\Users\alejandro.cuesta\.m2\repository\com\fasterxml\jackson\datatype\jackson-datatype-jsr310\2.9.8\jackson-datatype-jsr310-2.9.8.jar;C:\Users\alejandro.cuesta\.m2\repository\com\fasterxml\jackson\module\jackson-module-parameter-names\2.9.8\jackson-module-parameter-names-2.9.8.jar;C:\Users\alejandro.cuesta\.m2\repository\org\springframework\boot\spring-boot-starter-tomcat\2.1.3.RELEASE\spring-boot-starter-tomcat-2.1.3.RELEASE.jar;C:\Users\alejandro.cuesta\.m2\repository\org\apache\tomcat\embed\tomcat-embed-core\9.0.16\tomcat-embed-core-9.0.16.jar;C:\Users\alejandro.cuesta\.m2\repository\org\apache\tomcat\embed\tomcat-embed-el\9.0.16\tomcat-embed-el-9.0.16.jar;C:\Users\alejandro.cuesta\.m2\repository\org\apache\tomcat\embed\tomcat-embed-websocket\9.0.16\tomcat-embed-websocket-9.0.16.jar;C:\Users\alejandro.cuesta\.m2\repository\org\hibernate\validator\hibernate-validator\6.0.14.Final\hibernate-validator-6.0.14.Final.jar;C:\Users\alejandro.cuesta\.m2\repository\javax\validation\validation-api\2.0.1.Final\validation-api-2.0.1.Final.jar;C:\Users\alejandro.cuesta\.m2\repository\org\jboss\logging\jboss-logging\3.3.2.Final\jboss-logging-3.3.2.Final.jar;C:\Users\alejandro.cuesta\.m2\repository\org\springframework\spring-web\5.1.5.RELEASE\spring-web-5.1.5.RELEASE.jar;C:\Users\alejandro.cuesta\.m2\repository\org\springframework\spring-webmvc\5.1.5.RELEASE\spring-webmvc-5.1.5.RELEASE.jar;C:\Users\alejandro.cuesta\.m2\repository\com\sun\xml\messaging\saaj\saaj-impl\1.5.0\saaj-impl-1.5.0.jar;C:\Users\alejandro.cuesta\.m2\repository\javax\xml\soap\javax.xml.soap-api\1.4.0\javax.xml.soap-api-1.4.0.jar;C:\Users\alejandro.cuesta\.m2\repository\org\jvnet\mimepull\mimepull\1.9.11\mimepull-1.9.11.jar;C:\Users\alejandro.cuesta\.m2\repository\org\jvnet\staxex\stax-ex\1.8\stax-ex-1.8.jar;C:\Users\alejandro.cuesta\.m2\repository\javax\xml\ws\jaxws-api\2.3.1\jaxws-api-2.3.1.jar;C:\Users\alejandro.cuesta\.m2\repository\javax\xml\bind\jaxb-api\2.3.1\jaxb-api-2.3.1.jar;C:\Users\alejandro.cuesta\.m2\repository\javax\activation\javax.activation-api\1.2.0\javax.activation-api-1.2.0.jar;C:\Users\alejandro.cuesta\.m2\repository\javax\annotation\javax.annotation-api\1.3.2\javax.annotation-api-1.3.2.jar;C:\Users\alejandro.cuesta\.m2\repository\org\springframework\spring-oxm\5.1.5.RELEASE\spring-oxm-5.1.5.RELEASE.jar;C:\Users\alejandro.cuesta\.m2\repository\org\springframework\spring-beans\5.1.5.RELEASE\spring-beans-5.1.5.RELEASE.jar;C:\Users\alejandro.cuesta\.m2\repository\org\springframework\ws\spring-ws-core\3.0.6.RELEASE\spring-ws-core-3.0.6.RELEASE.jar;C:\Users\alejandro.cuesta\.m2\repository\org\springframework\ws\spring-xml\3.0.6.RELEASE\spring-xml-3.0.6.RELEASE.jar;C:\Users\alejandro.cuesta\.m2\repository\org\springframework\spring-aop\5.1.5.RELEASE\spring-aop-5.1.5.RELEASE.jar;C:\Users\alejandro.cuesta\.m2\repository\commons-io\commons-io\2.5\commons-io-2.5.jar;C:\Users\alejandro.cuesta\.m2\repository\org\springframework\boot\spring-boot-starter-test\2.1.3.RELEASE\spring-boot-starter-test-2.1.3.RELEASE.jar;C:\Users\alejandro.cuesta\.m2\repository\org\springframework\boot\spring-boot-starter\2.1.3.RELEASE\spring-boot-starter-2.1.3.RELEASE.jar;C:\Users\alejandro.cuesta\.m2\repository\org\springframework\boot\spring-boot\2.1.3.RELEASE\spring-boot-2.1.3.RELEASE.jar;C:\Users\alejandro.cuesta\.m2\repository\org\springframework\boot\spring-boot-autoconfigure\2.1.3.RELEASE\spring-boot-autoconfigure-2.1.3.RELEASE.jar;C:\Users\alejandro.cuesta\.m2\repository\org\springframework\boot\spring-boot-starter-logging\2.1.3.RELEASE\spring-boot-starter-logging-2.1.3.RELEASE.jar;C:\Users\alejandro.cuesta\.m2\repository\ch\qos\logback\logback-classic\1.2.3\logback-classic-1.2.3.jar;C:\Users\alejandro.cuesta\.m2\repository\ch\qos\logback\logback-core\1.2.3\logback-core-1.2.3.jar;C:\Users\alejandro.cuesta\.m2\repository\org\apache\logging\log4j\log4j-to-slf4j\2.11.2\log4j-to-slf4j-2.11.2.jar;C:\Users\alejandro.cuesta\.m2\repository\org\apache\logging\log4j\log4j-api\2.11.2\log4j-api-2.11.2.jar;C:\Users\alejandro.cuesta\.m2\repository\org\slf4j\jul-to-slf4j\1.7.25\jul-to-slf4j-1.7.25.jar;C:\Users\alejandro.cuesta\.m2\repository\org\yaml\snakeyaml\1.23\snakeyaml-1.23.jar;C:\Users\alejandro.cuesta\.m2\repository\org\springframework\boot\spring-boot-test\2.1.3.RELEASE\spring-boot-test-2.1.3.RELEASE.jar;C:\Users\alejandro.cuesta\.m2\repository\org\springframework\boot\spring-boot-test-autoconfigure\2.1.3.RELEASE\spring-boot-test-autoconfigure-2.1.3.RELEASE.jar;C:\Users\alejandro.cuesta\.m2\repository\com\jayway\jsonpath\json-path\2.4.0\json-path-2.4.0.jar;C:\Users\alejandro.cuesta\.m2\repository\net\minidev\json-smart\2.3\json-smart-2.3.jar;C:\Users\alejandro.cuesta\.m2\repository\net\minidev\accessors-smart\1.2\accessors-smart-1.2.jar;C:\Users\alejandro.cuesta\.m2\repository\org\ow2\asm\asm\5.0.4\asm-5.0.4.jar;C:\Users\alejandro.cuesta\.m2\repository\junit\junit\4.12\junit-4.12.jar;C:\Users\alejandro.cuesta\.m2\repository\org\assertj\assertj-core\3.11.1\assertj-core-3.11.1.jar;C:\Users\alejandro.cuesta\.m2\repository\org\mockito\mockito-core\2.23.4\mockito-core-2.23.4.jar;C:\Users\alejandro.cuesta\.m2\repository\net\bytebuddy\byte-buddy\1.9.10\byte-buddy-1.9.10.jar;C:\Users\alejandro.cuesta\.m2\repository\net\bytebuddy\byte-buddy-agent\1.9.10\byte-buddy-agent-1.9.10.jar;C:\Users\alejandro.cuesta\.m2\repository\org\objenesis\objenesis\2.6\objenesis-2.6.jar;C:\Users\alejandro.cuesta\.m2\repository\org\hamcrest\hamcrest-core\1.3\hamcrest-core-1.3.jar;C:\Users\alejandro.cuesta\.m2\repository\org\hamcrest\hamcrest-library\1.3\hamcrest-library-1.3.jar;C:\Users\alejandro.cuesta\.m2\repository\org\skyscreamer\jsonassert\1.5.0\jsonassert-1.5.0.jar;C:\Users\alejandro.cuesta\.m2\repository\com\vaadin\external\google\android-json\0.0.20131108.vaadin1\android-json-0.0.20131108.vaadin1.jar;C:\Users\alejandro.cuesta\.m2\repository\org\springframework\spring-core\5.1.5.RELEASE\spring-core-5.1.5.RELEASE.jar;C:\Users\alejandro.cuesta\.m2\repository\org\springframework\spring-jcl\5.1.5.RELEASE\spring-jcl-5.1.5.RELEASE.jar;C:\Users\alejandro.cuesta\.m2\repository\org\springframework\spring-test\5.1.5.RELEASE\spring-test-5.1.5.RELEASE.jar;C:\Users\alejandro.cuesta\.m2\repository\org\xmlunit\xmlunit-core\2.6.2\xmlunit-core-2.6.2.jar;C:\Users\alejandro.cuesta\.m2\repository\com\nhaarman\mockitokotlin2\mockito-kotlin\2.1.0\mockito-kotlin-2.1.0.jar;C:\Users\alejandro.cuesta\.m2\repository\org\springframework\boot\spring-boot-starter-data-mongodb\2.1.3.RELEASE\spring-boot-starter-data-mongodb-2.1.3.RELEASE.jar;C:\Users\alejandro.cuesta\.m2\repository\org\mongodb\mongodb-driver\3.8.2\mongodb-driver-3.8.2.jar;C:\Users\alejandro.cuesta\.m2\repository\org\mongodb\bson\3.8.2\bson-3.8.2.jar;C:\Users\alejandro.cuesta\.m2\repository\org\mongodb\mongodb-driver-core\3.8.2\mongodb-driver-core-3.8.2.jar;C:\Users\alejandro.cuesta\.m2\repository\org\springframework\data\spring-data-mongodb\2.1.5.RELEASE\spring-data-mongodb-2.1.5.RELEASE.jar;C:\Users\alejandro.cuesta\.m2\repository\org\springframework\spring-tx\5.1.5.RELEASE\spring-tx-5.1.5.RELEASE.jar;C:\Users\alejandro.cuesta\.m2\repository\org\springframework\spring-context\5.1.5.RELEASE\spring-context-5.1.5.RELEASE.jar;C:\Users\alejandro.cuesta\.m2\repository\org\springframework\spring-expression\5.1.5.RELEASE\spring-expression-5.1.5.RELEASE.jar;C:\Users\alejandro.cuesta\.m2\repository\org\springframework\data\spring-data-commons\2.1.5.RELEASE\spring-data-commons-2.1.5.RELEASE.jar;C:\Users\alejandro.cuesta\.m2\repository\org\projectlombok\lombok\1.18.4\lombok-1.18.4.jar;C:\Users\alejandro.cuesta\.m2\repository\org\apache\httpcomponents\httpclient\4.3.6\httpclient-4.3.6.jar;C:\Users\alejandro.cuesta\.m2\repository\org\apache\httpcomponents\httpcore\4.4.11\httpcore-4.4.11.jar;C:\Users\alejandro.cuesta\.m2\repository\commons-codec\commons-codec\1.11\commons-codec-1.11.jar;C:\Users\alejandro.cuesta\.m2\repository\org\jetbrains\kotlin\kotlin-stdlib-jdk8\1.3.21\kotlin-stdlib-jdk8-1.3.21.jar;C:\Users\alejandro.cuesta\.m2\repository\org\jetbrains\kotlin\kotlin-stdlib-jdk7\1.2.71\kotlin-stdlib-jdk7-1.2.71.jar;C:\Users\alejandro.cuesta\.m2\repository\org\jetbrains\kotlin\kotlin-reflect\1.3.21\kotlin-reflect-1.3.21.jar;C:\Users\alejandro.cuesta\.m2\repository\com\fasterxml\jackson\module\jackson-module-kotlin\2.9.8\jackson-module-kotlin-2.9.8.jar;C:\Users\alejandro.cuesta\.m2\repository\com\fasterxml\jackson\core\jackson-databind\2.9.8\jackson-databind-2.9.8.jar;C:\Users\alejandro.cuesta\.m2\repository\com\fasterxml\jackson\core\jackson-core\2.9.8\jackson-core-2.9.8.jar;C:\Users\alejandro.cuesta\.m2\repository\com\fasterxml\jackson\core\jackson-annotations\2.9.0\jackson-annotations-2.9.0.jar;C:\Users\alejandro.cuesta\.m2\repository\io\springfox\springfox-swagger2\2.9.2\springfox-swagger2-2.9.2.jar;C:\Users\alejandro.cuesta\.m2\repository\io\swagger\swagger-annotations\1.5.20\swagger-annotations-1.5.20.jar;C:\Users\alejandro.cuesta\.m2\repository\io\swagger\swagger-models\1.5.20\swagger-models-1.5.20.jar;C:\Users\alejandro.cuesta\.m2\repository\io\springfox\springfox-spi\2.9.2\springfox-spi-2.9.2.jar;C:\Users\alejandro.cuesta\.m2\repository\io\springfox\springfox-core\2.9.2\springfox-core-2.9.2.jar;C:\Users\alejandro.cuesta\.m2\repository\io\springfox\springfox-schema\2.9.2\springfox-schema-2.9.2.jar;C:\Users\alejandro.cuesta\.m2\repository\io\springfox\springfox-swagger-common\2.9.2\springfox-swagger-common-2.9.2.jar;C:\Users\alejandro.cuesta\.m2\repository\io\springfox\springfox-spring-web\2.9.2\springfox-spring-web-2.9.2.jar;C:\Users\alejandro.cuesta\.m2\repository\com\google\guava\guava\20.0\guava-20.0.jar;C:\Users\alejandro.cuesta\.m2\repository\com\fasterxml\classmate\1.4.0\classmate-1.4.0.jar;C:\Users\alejandro.cuesta\.m2\repository\org\slf4j\slf4j-api\1.7.25\slf4j-api-1.7.25.jar;C:\Users\alejandro.cuesta\.m2\repository\org\springframework\plugin\spring-plugin-core\1.2.0.RELEASE\spring-plugin-core-1.2.0.RELEASE.jar;C:\Users\alejandro.cuesta\.m2\repository\org\springframework\plugin\spring-plugin-metadata\1.2.0.RELEASE\spring-plugin-metadata-1.2.0.RELEASE.jar;C:\Users\alejandro.cuesta\.m2\repository\org\mapstruct\mapstruct\1.2.0.Final\mapstruct-1.2.0.Final.jar;C:\Users\alejandro.cuesta\.m2\repository\io\springfox\springfox-swagger-ui\2.9.2\springfox-swagger-ui-2.9.2.jar;"/>
    <property name="java.vm.vendor" value="Oracle Corporation"/>
    <property name="sun.arch.data.model" value="64"/>
    <property name="user.variant" value=""/>
    <property name="java.vendor.url" value="http://java.oracle.com/"/>
    <property name="user.timezone" value="Europe/Paris"/>
    <property name="java.vm.specification.version" value="11"/>
    <property name="os.name" value="Windows 10"/>
    <property name="sun.java.launcher" value="SUN_STANDARD"/>
    <property name="user.country" value="ES"/>
    <property name="sun.boot.library.path" value="C:\Program Files\Java\jdk-11.0.2\bin"/>
    <property name="sun.java.command" value="C:\Users\ALEJAN~1.CUE\AppData\Local\Temp\surefire7452223000396249805\surefirebooter2820135860592674020.jar C:\Users\alejandro.cuesta\AppData\Local\Temp\surefire7452223000396249805 2019-03-21T12-05-16_016-jvmRun1 surefire18286343040115503106tmp surefire_014523813023882666258tmp"/>
    <property name="jdk.debug" value="release"/>
    <property name="surefire.test.class.path" value="C:\Users\alejandro.cuesta\IdeaProjects\springBootApiKotlinExample\target\test-classes;C:\Users\alejandro.cuesta\IdeaProjects\springBootApiKotlinExample\target\classes;C:\Users\alejandro.cuesta\.m2\repository\org\jetbrains\kotlin\kotlin-stdlib\1.3.21\kotlin-stdlib-1.3.21.jar;C:\Users\alejandro.cuesta\.m2\repository\org\jetbrains\kotlin\kotlin-stdlib-common\1.3.21\kotlin-stdlib-common-1.3.21.jar;C:\Users\alejandro.cuesta\.m2\repository\org\jetbrains\annotations\13.0\annotations-13.0.jar;C:\Users\alejandro.cuesta\.m2\repository\org\springframework\boot\spring-boot-starter-web-services\2.1.3.RELEASE\spring-boot-starter-web-services-2.1.3.RELEASE.jar;C:\Users\alejandro.cuesta\.m2\repository\org\springframework\boot\spring-boot-starter-web\2.1.3.RELEASE\spring-boot-starter-web-2.1.3.RELEASE.jar;C:\Users\alejandro.cuesta\.m2\repository\org\springframework\boot\spring-boot-starter-json\2.1.3.RELEASE\spring-boot-starter-json-2.1.3.RELEASE.jar;C:\Users\alejandro.cuesta\.m2\repository\com\fasterxml\jackson\datatype\jackson-datatype-jdk8\2.9.8\jackson-datatype-jdk8-2.9.8.jar;C:\Users\alejandro.cuesta\.m2\repository\com\fasterxml\jackson\datatype\jackson-datatype-jsr310\2.9.8\jackson-datatype-jsr310-2.9.8.jar;C:\Users\alejandro.cuesta\.m2\repository\com\fasterxml\jackson\module\jackson-module-parameter-names\2.9.8\jackson-module-parameter-names-2.9.8.jar;C:\Users\alejandro.cuesta\.m2\repository\org\springframework\boot\spring-boot-starter-tomcat\2.1.3.RELEASE\spring-boot-starter-tomcat-2.1.3.RELEASE.jar;C:\Users\alejandro.cuesta\.m2\repository\org\apache\tomcat\embed\tomcat-embed-core\9.0.16\tomcat-embed-core-9.0.16.jar;C:\Users\alejandro.cuesta\.m2\repository\org\apache\tomcat\embed\tomcat-embed-el\9.0.16\tomcat-embed-el-9.0.16.jar;C:\Users\alejandro.cuesta\.m2\repository\org\apache\tomcat\embed\tomcat-embed-websocket\9.0.16\tomcat-embed-websocket-9.0.16.jar;C:\Users\alejandro.cuesta\.m2\repository\org\hibernate\validator\hibernate-validator\6.0.14.Final\hibernate-validator-6.0.14.Final.jar;C:\Users\alejandro.cuesta\.m2\repository\javax\validation\validation-api\2.0.1.Final\validation-api-2.0.1.Final.jar;C:\Users\alejandro.cuesta\.m2\repository\org\jboss\logging\jboss-logging\3.3.2.Final\jboss-logging-3.3.2.Final.jar;C:\Users\alejandro.cuesta\.m2\repository\org\springframework\spring-web\5.1.5.RELEASE\spring-web-5.1.5.RELEASE.jar;C:\Users\alejandro.cuesta\.m2\repository\org\springframework\spring-webmvc\5.1.5.RELEASE\spring-webmvc-5.1.5.RELEASE.jar;C:\Users\alejandro.cuesta\.m2\repository\com\sun\xml\messaging\saaj\saaj-impl\1.5.0\saaj-impl-1.5.0.jar;C:\Users\alejandro.cuesta\.m2\repository\javax\xml\soap\javax.xml.soap-api\1.4.0\javax.xml.soap-api-1.4.0.jar;C:\Users\alejandro.cuesta\.m2\repository\org\jvnet\mimepull\mimepull\1.9.11\mimepull-1.9.11.jar;C:\Users\alejandro.cuesta\.m2\repository\org\jvnet\staxex\stax-ex\1.8\stax-ex-1.8.jar;C:\Users\alejandro.cuesta\.m2\repository\javax\xml\ws\jaxws-api\2.3.1\jaxws-api-2.3.1.jar;C:\Users\alejandro.cuesta\.m2\repository\javax\xml\bind\jaxb-api\2.3.1\jaxb-api-2.3.1.jar;C:\Users\alejandro.cuesta\.m2\repository\javax\activation\javax.activation-api\1.2.0\javax.activation-api-1.2.0.jar;C:\Users\alejandro.cuesta\.m2\repository\javax\annotation\javax.annotation-api\1.3.2\javax.annotation-api-1.3.2.jar;C:\Users\alejandro.cuesta\.m2\repository\org\springframework\spring-oxm\5.1.5.RELEASE\spring-oxm-5.1.5.RELEASE.jar;C:\Users\alejandro.cuesta\.m2\repository\org\springframework\spring-beans\5.1.5.RELEASE\spring-beans-5.1.5.RELEASE.jar;C:\Users\alejandro.cuesta\.m2\repository\org\springframework\ws\spring-ws-core\3.0.6.RELEASE\spring-ws-core-3.0.6.RELEASE.jar;C:\Users\alejandro.cuesta\.m2\repository\org\springframework\ws\spring-xml\3.0.6.RELEASE\spring-xml-3.0.6.RELEASE.jar;C:\Users\alejandro.cuesta\.m2\repository\org\springframework\spring-aop\5.1.5.RELEASE\spring-aop-5.1.5.RELEASE.jar;C:\Users\alejandro.cuesta\.m2\repository\commons-io\commons-io\2.5\commons-io-2.5.jar;C:\Users\alejandro.cuesta\.m2\repository\org\springframework\boot\spring-boot-starter-test\2.1.3.RELEASE\spring-boot-starter-test-2.1.3.RELEASE.jar;C:\Users\alejandro.cuesta\.m2\repository\org\springframework\boot\spring-boot-starter\2.1.3.RELEASE\spring-boot-starter-2.1.3.RELEASE.jar;C:\Users\alejandro.cuesta\.m2\repository\org\springframework\boot\spring-boot\2.1.3.RELEASE\spring-boot-2.1.3.RELEASE.jar;C:\Users\alejandro.cuesta\.m2\repository\org\springframework\boot\spring-boot-autoconfigure\2.1.3.RELEASE\spring-boot-autoconfigure-2.1.3.RELEASE.jar;C:\Users\alejandro.cuesta\.m2\repository\org\springframework\boot\spring-boot-starter-logging\2.1.3.RELEASE\spring-boot-starter-logging-2.1.3.RELEASE.jar;C:\Users\alejandro.cuesta\.m2\repository\ch\qos\logback\logback-classic\1.2.3\logback-classic-1.2.3.jar;C:\Users\alejandro.cuesta\.m2\repository\ch\qos\logback\logback-core\1.2.3\logback-core-1.2.3.jar;C:\Users\alejandro.cuesta\.m2\repository\org\apache\logging\log4j\log4j-to-slf4j\2.11.2\log4j-to-slf4j-2.11.2.jar;C:\Users\alejandro.cuesta\.m2\repository\org\apache\logging\log4j\log4j-api\2.11.2\log4j-api-2.11.2.jar;C:\Users\alejandro.cuesta\.m2\repository\org\slf4j\jul-to-slf4j\1.7.25\jul-to-slf4j-1.7.25.jar;C:\Users\alejandro.cuesta\.m2\repository\org\yaml\snakeyaml\1.23\snakeyaml-1.23.jar;C:\Users\alejandro.cuesta\.m2\repository\org\springframework\boot\spring-boot-test\2.1.3.RELEASE\spring-boot-test-2.1.3.RELEASE.jar;C:\Users\alejandro.cuesta\.m2\repository\org\springframework\boot\spring-boot-test-autoconfigure\2.1.3.RELEASE\spring-boot-test-autoconfigure-2.1.3.RELEASE.jar;C:\Users\alejandro.cuesta\.m2\repository\com\jayway\jsonpath\json-path\2.4.0\json-path-2.4.0.jar;C:\Users\alejandro.cuesta\.m2\repository\net\minidev\json-smart\2.3\json-smart-2.3.jar;C:\Users\alejandro.cuesta\.m2\repository\net\minidev\accessors-smart\1.2\accessors-smart-1.2.jar;C:\Users\alejandro.cuesta\.m2\repository\org\ow2\asm\asm\5.0.4\asm-5.0.4.jar;C:\Users\alejandro.cuesta\.m2\repository\junit\junit\4.12\junit-4.12.jar;C:\Users\alejandro.cuesta\.m2\repository\org\assertj\assertj-core\3.11.1\assertj-core-3.11.1.jar;C:\Users\alejandro.cuesta\.m2\repository\org\mockito\mockito-core\2.23.4\mockito-core-2.23.4.jar;C:\Users\alejandro.cuesta\.m2\repository\net\bytebuddy\byte-buddy\1.9.10\byte-buddy-1.9.10.jar;C:\Users\alejandro.cuesta\.m2\repository\net\bytebuddy\byte-buddy-agent\1.9.10\byte-buddy-agent-1.9.10.jar;C:\Users\alejandro.cuesta\.m2\repository\org\objenesis\objenesis\2.6\objenesis-2.6.jar;C:\Users\alejandro.cuesta\.m2\repository\org\hamcrest\hamcrest-core\1.3\hamcrest-core-1.3.jar;C:\Users\alejandro.cuesta\.m2\repository\org\hamcrest\hamcrest-library\1.3\hamcrest-library-1.3.jar;C:\Users\alejandro.cuesta\.m2\repository\org\skyscreamer\jsonassert\1.5.0\jsonassert-1.5.0.jar;C:\Users\alejandro.cuesta\.m2\repository\com\vaadin\external\google\android-json\0.0.20131108.vaadin1\android-json-0.0.20131108.vaadin1.jar;C:\Users\alejandro.cuesta\.m2\repository\org\springframework\spring-core\5.1.5.RELEASE\spring-core-5.1.5.RELEASE.jar;C:\Users\alejandro.cuesta\.m2\repository\org\springframework\spring-jcl\5.1.5.RELEASE\spring-jcl-5.1.5.RELEASE.jar;C:\Users\alejandro.cuesta\.m2\repository\org\springframework\spring-test\5.1.5.RELEASE\spring-test-5.1.5.RELEASE.jar;C:\Users\alejandro.cuesta\.m2\repository\org\xmlunit\xmlunit-core\2.6.2\xmlunit-core-2.6.2.jar;C:\Users\alejandro.cuesta\.m2\repository\com\nhaarman\mockitokotlin2\mockito-kotlin\2.1.0\mockito-kotlin-2.1.0.jar;C:\Users\alejandro.cuesta\.m2\repository\org\springframework\boot\spring-boot-starter-data-mongodb\2.1.3.RELEASE\spring-boot-starter-data-mongodb-2.1.3.RELEASE.jar;C:\Users\alejandro.cuesta\.m2\repository\org\mongodb\mongodb-driver\3.8.2\mongodb-driver-3.8.2.jar;C:\Users\alejandro.cuesta\.m2\repository\org\mongodb\bson\3.8.2\bson-3.8.2.jar;C:\Users\alejandro.cuesta\.m2\repository\org\mongodb\mongodb-driver-core\3.8.2\mongodb-driver-core-3.8.2.jar;C:\Users\alejandro.cuesta\.m2\repository\org\springframework\data\spring-data-mongodb\2.1.5.RELEASE\spring-data-mongodb-2.1.5.RELEASE.jar;C:\Users\alejandro.cuesta\.m2\repository\org\springframework\spring-tx\5.1.5.RELEASE\spring-tx-5.1.5.RELEASE.jar;C:\Users\alejandro.cuesta\.m2\repository\org\springframework\spring-context\5.1.5.RELEASE\spring-context-5.1.5.RELEASE.jar;C:\Users\alejandro.cuesta\.m2\repository\org\springframework\spring-expression\5.1.5.RELEASE\spring-expression-5.1.5.RELEASE.jar;C:\Users\alejandro.cuesta\.m2\repository\org\springframework\data\spring-data-commons\2.1.5.RELEASE\spring-data-commons-2.1.5.RELEASE.jar;C:\Users\alejandro.cuesta\.m2\repository\org\projectlombok\lombok\1.18.4\lombok-1.18.4.jar;C:\Users\alejandro.cuesta\.m2\repository\org\apache\httpcomponents\httpclient\4.3.6\httpclient-4.3.6.jar;C:\Users\alejandro.cuesta\.m2\repository\org\apache\httpcomponents\httpcore\4.4.11\httpcore-4.4.11.jar;C:\Users\alejandro.cuesta\.m2\repository\commons-codec\commons-codec\1.11\commons-codec-1.11.jar;C:\Users\alejandro.cuesta\.m2\repository\org\jetbrains\kotlin\kotlin-stdlib-jdk8\1.3.21\kotlin-stdlib-jdk8-1.3.21.jar;C:\Users\alejandro.cuesta\.m2\repository\org\jetbrains\kotlin\kotlin-stdlib-jdk7\1.2.71\kotlin-stdlib-jdk7-1.2.71.jar;C:\Users\alejandro.cuesta\.m2\repository\org\jetbrains\kotlin\kotlin-reflect\1.3.21\kotlin-reflect-1.3.21.jar;C:\Users\alejandro.cuesta\.m2\repository\com\fasterxml\jackson\module\jackson-module-kotlin\2.9.8\jackson-module-kotlin-2.9.8.jar;C:\Users\alejandro.cuesta\.m2\repository\com\fasterxml\jackson\core\jackson-databind\2.9.8\jackson-databind-2.9.8.jar;C:\Users\alejandro.cuesta\.m2\repository\com\fasterxml\jackson\core\jackson-core\2.9.8\jackson-core-2.9.8.jar;C:\Users\alejandro.cuesta\.m2\repository\com\fasterxml\jackson\core\jackson-annotations\2.9.0\jackson-annotations-2.9.0.jar;C:\Users\alejandro.cuesta\.m2\repository\io\springfox\springfox-swagger2\2.9.2\springfox-swagger2-2.9.2.jar;C:\Users\alejandro.cuesta\.m2\repository\io\swagger\swagger-annotations\1.5.20\swagger-annotations-1.5.20.jar;C:\Users\alejandro.cuesta\.m2\repository\io\swagger\swagger-models\1.5.20\swagger-models-1.5.20.jar;C:\Users\alejandro.cuesta\.m2\repository\io\springfox\springfox-spi\2.9.2\springfox-spi-2.9.2.jar;C:\Users\alejandro.cuesta\.m2\repository\io\springfox\springfox-core\2.9.2\springfox-core-2.9.2.jar;C:\Users\alejandro.cuesta\.m2\repository\io\springfox\springfox-schema\2.9.2\springfox-schema-2.9.2.jar;C:\Users\alejandro.cuesta\.m2\repository\io\springfox\springfox-swagger-common\2.9.2\springfox-swagger-common-2.9.2.jar;C:\Users\alejandro.cuesta\.m2\repository\io\springfox\springfox-spring-web\2.9.2\springfox-spring-web-2.9.2.jar;C:\Users\alejandro.cuesta\.m2\repository\com\google\guava\guava\20.0\guava-20.0.jar;C:\Users\alejandro.cuesta\.m2\repository\com\fasterxml\classmate\1.4.0\classmate-1.4.0.jar;C:\Users\alejandro.cuesta\.m2\repository\org\slf4j\slf4j-api\1.7.25\slf4j-api-1.7.25.jar;C:\Users\alejandro.cuesta\.m2\repository\org\springframework\plugin\spring-plugin-core\1.2.0.RELEASE\spring-plugin-core-1.2.0.RELEASE.jar;C:\Users\alejandro.cuesta\.m2\repository\org\springframework\plugin\spring-plugin-metadata\1.2.0.RELEASE\spring-plugin-metadata-1.2.0.RELEASE.jar;C:\Users\alejandro.cuesta\.m2\repository\org\mapstruct\mapstruct\1.2.0.Final\mapstruct-1.2.0.Final.jar;C:\Users\alejandro.cuesta\.m2\repository\io\springfox\springfox-swagger-ui\2.9.2\springfox-swagger-ui-2.9.2.jar;"/>
    <property name="sun.cpu.endian" value="little"/>
    <property name="user.home" value="C:\Users\alejandro.cuesta"/>
    <property name="user.language" value="es"/>
    <property name="java.specification.vendor" value="Oracle Corporation"/>
    <property name="java.version.date" value="2019-01-15"/>
    <property name="java.home" value="C:\Program Files\Java\jdk-11.0.2"/>
    <property name="file.separator" value="\"/>
    <property name="basedir" value="C:\Users\alejandro.cuesta\IdeaProjects\springBootApiKotlinExample"/>
    <property name="java.vm.compressedOopsMode" value="Zero based"/>
    <property name="line.separator" value="&#10;"/>
    <property name="java.specification.name" value="Java Platform API Specification"/>
    <property name="java.vm.specification.vendor" value="Oracle Corporation"/>
    <property name="java.awt.graphicsenv" value="sun.awt.Win32GraphicsEnvironment"/>
    <property name="surefire.real.class.path" value="C:\Users\ALEJAN~1.CUE\AppData\Local\Temp\surefire7452223000396249805\surefirebooter2820135860592674020.jar"/>
    <property name="user.script" value=""/>
    <property name="sun.management.compiler" value="HotSpot 64-Bit Tiered Compilers"/>
    <property name="java.runtime.version" value="11.0.2+9-LTS"/>
    <property name="user.name" value="alejandro.cuesta"/>
    <property name="path.separator" value=";"/>
    <property name="os.version" value="10.0"/>
    <property name="java.runtime.name" value="Java(TM) SE Runtime Environment"/>
    <property name="file.encoding" value="Cp1252"/>
    <property name="java.vm.name" value="Java HotSpot(TM) 64-Bit Server VM"/>
    <property name="java.vendor.version" value="18.9"/>
    <property name="localRepository" value="C:\Users\alejandro.cuesta\.m2\repository"/>
    <property name="java.vendor.url.bug" value="http://bugreport.java.com/bugreport/"/>
    <property name="java.io.tmpdir" value="C:\Users\ALEJAN~1.CUE\AppData\Local\Temp\"/>
    <property name="idea.version" value="2018.3.5"/>
    <property name="java.version" value="11.0.2"/>
    <property name="user.dir" value="C:\Users\alejandro.cuesta\IdeaProjects\springBootApiKotlinExample"/>
    <property name="os.arch" value="amd64"/>
    <property name="java.vm.specification.name" value="Java Virtual Machine Specification"/>
    <property name="java.awt.printerjob" value="sun.awt.windows.WPrinterJob"/>
    <property name="sun.os.patch.level" value=""/>
    <property name="java.library.path" value="C:\Program Files\Java\jdk-11.0.2\bin;C:\Windows\Sun\Java\bin;C:\Windows\system32;C:\Windows;C:\ProgramData\DockerDesktop\version-bin;C:\Program Files\Docker\Docker\Resources\bin;C:\Program Files (x86)\Common Files\Oracle\Java\javapath;C:\Windows\system32;C:\Windows;C:\Windows\System32\Wbem;C:\Windows\System32\WindowsPowerShell\v1.0\;C:\Windows\System32\OpenSSH\;C:\Program Files\Intel\WiFi\bin\;C:\Program Files\Common Files\Intel\WirelessCommon\;C:\Program Files (x86)\Intel\Intel(R) Management Engine Components\DAL;C:\Program Files\Intel\Intel(R) Management Engine Components\DAL;C:\Users\alejandro.cuesta\AppData\Local\Microsoft\WindowsApps;;."/>
    <property name="java.vendor" value="Oracle Corporation"/>
    <property name="java.vm.info" value="mixed mode"/>
    <property name="java.vm.version" value="11.0.2+9-LTS"/>
    <property name="sun.io.unicode.encoding" value="UnicodeLittle"/>
    <property name="java.class.version" value="55.0"/>
  </properties>
  <testcase name="Create user" classname="com.api.rest.service.UserServiceTest" time="0.001"/>
</testsuite>